[2024-10-21 07:39:03 UTC] Step evaluate_model has started.

[2024-10-21 07:39:03 UTC] /mnt/c/Users/risha/Desktop/retail-prize-optimization-MLOps/venv/lib/python3.10/site-packages/pydantic/_internal/_generate_schema.py:404: UserWarning: <built-in function any> is not a Python type (it may be an instance of an object), Pydantic will allow any object with no validation since we cannot even enforce that the input is an instance of the given type. To get rid of this error wrap the type with `pydantic.SkipValidation`.
  warn(

[2024-10-21 07:39:03 UTC] Evaluating LinearRegression model...

[2024-10-21 07:39:03 UTC] Calculating MSE

[2024-10-21 07:39:03 UTC] MSE: 4.152162345592299

[2024-10-21 07:39:03 UTC] Claculating r2 squared scores

[2024-10-21 07:39:03 UTC] R2 Score: 0.9886242370062446

[2024-10-21 07:39:03 UTC] Calculating RMSE

[2024-10-21 07:39:03 UTC] RMSE: 2.0376855364830706

[2024-10-21 07:39:03 UTC] LinearRegression evaluation completed: MSE=4.152162345592299, R2=0.9886242370062446, RMSE=2.0376855364830706.

[2024-10-21 07:39:03 UTC] Evaluating ElasticNet model...

[2024-10-21 07:39:03 UTC] Calculating MSE

[2024-10-21 07:39:03 UTC] MSE: 4.595045126975379

[2024-10-21 07:39:03 UTC] Claculating r2 squared scores

[2024-10-21 07:39:03 UTC] R2 Score: 0.9874108621100589

[2024-10-21 07:39:03 UTC] Calculating RMSE

[2024-10-21 07:39:03 UTC] RMSE: 2.143605636999348

[2024-10-21 07:39:03 UTC] ElasticNet evaluation completed: MSE=4.595045126975379, R2=0.9874108621100589, RMSE=2.143605636999348.

[2024-10-21 07:39:03 UTC] /mnt/c/Users/risha/Desktop/retail-prize-optimization-MLOps/venv/lib/python3.10/site-packages/zenml/integrations/mlflow/experiment_trackers/mlflow_experiment_tracker.py:255: FutureWarning: ``mlflow.gluon.autolog`` is deprecated since 2.5.0. This method will be removed in a future release.
  module.autolog(disable=True)

[2024-10-21 07:39:03 UTC] Step evaluate_model has finished in 12.974s.

[2024-10-21 07:39:03 UTC] Step evaluate_model completed successfully.

