[2024-10-27 08:13:50 UTC] Step train_model has started.

[2024-10-27 08:13:50 UTC] 2024/10/27 13:43:01 WARNING mlflow.utils.autologging_utils: MLflow autologging encountered a warning: "/mnt/c/Users/risha/Desktop/retail-prize-optimization-MLOps/venv/lib/python3.10/site-packages/mlflow/types/utils.py:407: UserWarning: Hint: Inferred schema contains integer column(s). Integer columns in Python cannot represent missing values. If your input data contains missing values at inference time, it will be encoded as floats and will cause a schema enforcement error. The best way to avoid this problem is to infer the model schema based on a realistic data sample (training dataset) that includes missing values. Alternatively, you can declare integer columns as doubles (float64) whenever these columns may have missing values. See `Handling Integers With Missing Values <https://www.mlflow.org/docs/latest/models.html#handling-integers-with-missing-values>`_ for more details."

[2024-10-27 08:13:50 UTC] 2024/10/27 13:43:01 WARNING mlflow.utils.autologging_utils: MLflow autologging encountered a warning: "/mnt/c/Users/risha/Desktop/retail-prize-optimization-MLOps/venv/lib/python3.10/site-packages/mlflow/types/utils.py:407: UserWarning: Hint: Inferred schema contains integer column(s). Integer columns in Python cannot represent missing values. If your input data contains missing values at inference time, it will be encoded as floats and will cause a schema enforcement error. The best way to avoid this problem is to infer the model schema based on a realistic data sample (training dataset) that includes missing values. Alternatively, you can declare integer columns as doubles (float64) whenever these columns may have missing values. See `Handling Integers With Missing Values <https://www.mlflow.org/docs/latest/models.html#handling-integers-with-missing-values>`_ for more details."

[2024-10-27 08:13:50 UTC] Using the default model signature for scikit-learn ({'predict': {'batchable': False}}) for model "model".

[2024-10-27 08:13:53 UTC] HTTP Request: POST https://t.bentoml.com "HTTP/1.1 200 OK"

[2024-10-27 08:13:53 UTC] /mnt/c/Users/risha/Desktop/retail-prize-optimization-MLOps/venv/lib/python3.10/site-packages/zenml/integrations/mlflow/experiment_trackers/mlflow_experiment_tracker.py:255: FutureWarning: ``mlflow.gluon.autolog`` is deprecated since 2.5.0. This method will be removed in a future release.
  module.autolog(disable=True)

[2024-10-27 08:13:53 UTC] Failed to run step train_model after 1 retries. Exiting.

[2024-10-27 08:13:53 UTC] Wrong type for output 'output' of step 'train_model' (expected type: <class 'sklearn.base.RegressorMixin'>, actual type: <class 'bentoml._internal.models.model.Model'>).
Traceback (most recent call last):
  File "/mnt/c/Users/risha/Desktop/retail-prize-optimization-MLOps/venv/lib/python3.10/site-packages/zenml/orchestrators/step_launcher.py", line 292, in launch
    self._run_step(
  File "/mnt/c/Users/risha/Desktop/retail-prize-optimization-MLOps/venv/lib/python3.10/site-packages/zenml/orchestrators/step_launcher.py", line 499, in _run_step
    self._run_step_without_step_operator(
  File "/mnt/c/Users/risha/Desktop/retail-prize-optimization-MLOps/venv/lib/python3.10/site-packages/zenml/orchestrators/step_launcher.py", line 583, in _run_step_without_step_operator
    runner.run(
  File "/mnt/c/Users/risha/Desktop/retail-prize-optimization-MLOps/venv/lib/python3.10/site-packages/zenml/orchestrators/step_runner.py", line 239, in run
    output_data = self._validate_outputs(
  File "/mnt/c/Users/risha/Desktop/retail-prize-optimization-MLOps/venv/lib/python3.10/site-packages/zenml/orchestrators/step_runner.py", line 537, in _validate_outputs
    raise StepInterfaceError(
zenml.exceptions.StepInterfaceError: Wrong type for output 'output' of step 'train_model' (expected type: <class 'sklearn.base.RegressorMixin'>, actual type: <class 'bentoml._internal.models.model.Model'>).

